Searching for include files...
Searching for example files...
Searching for images...
Searching for dot files...
Searching for msc files...
Searching for files to exclude
Searching for files to process...
Searching for files in directory /Users/derekk/Solutions/UnitTestSample
Searching for files in directory /Users/derekk/Solutions/UnitTestSample/Unit Test sample
Searching for files in directory /Users/derekk/Solutions/UnitTestSample/Unit Test sample/Base.lproj
Searching for files in directory /Users/derekk/Solutions/UnitTestSample/Unit Test sample/en.lproj
Searching for files in directory /Users/derekk/Solutions/UnitTestSample/Unit Test sample/Images.xcassets
Searching for files in directory /Users/derekk/Solutions/UnitTestSample/Unit Test sample/Images.xcassets/AppIcon.appiconset
Searching for files in directory /Users/derekk/Solutions/UnitTestSample/Unit Test sample/Images.xcassets/first.imageset
Searching for files in directory /Users/derekk/Solutions/UnitTestSample/Unit Test sample/Images.xcassets/LaunchImage.launchimage
Searching for files in directory /Users/derekk/Solutions/UnitTestSample/Unit Test sample/Images.xcassets/second.imageset
Searching for files in directory /Users/derekk/Solutions/UnitTestSample/Unit Test sample/Model.xcdatamodeld
Searching for files in directory /Users/derekk/Solutions/UnitTestSample/Unit Test sample/Model.xcdatamodeld/Model.xcdatamodel
Searching for files in directory /Users/derekk/Solutions/UnitTestSample/Unit Test sample.xcodeproj
Searching for files in directory /Users/derekk/Solutions/UnitTestSample/Unit Test sample.xcodeproj/project.xcworkspace
Searching for files in directory /Users/derekk/Solutions/UnitTestSample/Unit Test sample.xcodeproj/project.xcworkspace/xcshareddata
Searching for files in directory /Users/derekk/Solutions/UnitTestSample/Unit Test sample.xcodeproj/project.xcworkspace/xcuserdata
Searching for files in directory /Users/derekk/Solutions/UnitTestSample/Unit Test sample.xcodeproj/project.xcworkspace/xcuserdata/derekk.xcuserdatad
Searching for files in directory /Users/derekk/Solutions/UnitTestSample/Unit Test sample.xcodeproj/xcuserdata
Searching for files in directory /Users/derekk/Solutions/UnitTestSample/Unit Test sample.xcodeproj/xcuserdata/derekk.xcuserdatad
Searching for files in directory /Users/derekk/Solutions/UnitTestSample/Unit Test sample.xcodeproj/xcuserdata/derekk.xcuserdatad/xcdebugger
Searching for files in directory /Users/derekk/Solutions/UnitTestSample/Unit Test sample.xcodeproj/xcuserdata/derekk.xcuserdatad/xcschemes
Searching for files in directory /Users/derekk/Solutions/UnitTestSample/Unit Test Sample.xcworkspace
Searching for files in directory /Users/derekk/Solutions/UnitTestSample/Unit Test Sample.xcworkspace/xcshareddata
Searching for files in directory /Users/derekk/Solutions/UnitTestSample/Unit Test Sample.xcworkspace/xcuserdata
Searching for files in directory /Users/derekk/Solutions/UnitTestSample/Unit Test Sample.xcworkspace/xcuserdata/derekk.xcuserdatad
Searching for files in directory /Users/derekk/Solutions/UnitTestSample/Unit Test sampleTests
Searching for files in directory /Users/derekk/Solutions/UnitTestSample/Unit Test sampleTests/en.lproj
Searching for files in directory /Users/derekk/Solutions/UnitTestSample/UnitTestSample Dodoc.app
Searching for files in directory /Users/derekk/Solutions/UnitTestSample/UnitTestSample Dodoc.app/Contents
Searching for files in directory /Users/derekk/Solutions/UnitTestSample/UnitTestSample Dodoc.app/Contents/MacOS
Searching for files in directory /Users/derekk/Solutions/UnitTestSample/UnitTestSample Dodoc.app/Contents/Resources
Searching for files in directory /Users/derekk/Solutions/UnitTestSample/UnitTestSample Dodoc.app/Contents/Resources/MainMenu.nib
Searching for files in directory /Users/derekk/Solutions/UnitTestSample/XcodeCoverage
Searching for files in directory /Users/derekk/Solutions/UnitTestSample/XcodeCoverage/lcov-1.10
Searching for files in directory /Users/derekk/Solutions/UnitTestSample/XcodeCoverage/lcov-1.10/bin
Searching for files in directory /Users/derekk/Solutions/UnitTestSample/XcodeCoverage/lcov-1.10/contrib
Searching for files in directory /Users/derekk/Solutions/UnitTestSample/XcodeCoverage/lcov-1.10/contrib/galaxy
Searching for files in directory /Users/derekk/Solutions/UnitTestSample/XcodeCoverage/lcov-1.10/example
Searching for files in directory /Users/derekk/Solutions/UnitTestSample/XcodeCoverage/lcov-1.10/example/methods
Searching for files in directory /Users/derekk/Solutions/UnitTestSample/XcodeCoverage/lcov-1.10/man
Searching for files in directory /Users/derekk/Solutions/UnitTestSample/XcodeCoverage/lcov-1.10/rpm
Reading and parsing tag files
Preprocessing /Users/derekk/Solutions/UnitTestSample/Unit Test sample/Address.h...
Parsing file /Users/derekk/Solutions/UnitTestSample/Unit Test sample/Address.h...
Preprocessing /Users/derekk/Solutions/UnitTestSample/Unit Test sample/Address.m...
Parsing file /Users/derekk/Solutions/UnitTestSample/Unit Test sample/Address.m...
Preprocessing /Users/derekk/Solutions/UnitTestSample/Unit Test sample/DGKAddressesController.h...
Parsing file /Users/derekk/Solutions/UnitTestSample/Unit Test sample/DGKAddressesController.h...
Preprocessing /Users/derekk/Solutions/UnitTestSample/Unit Test sample/DGKAddressesController.m...
Parsing file /Users/derekk/Solutions/UnitTestSample/Unit Test sample/DGKAddressesController.m...
Preprocessing /Users/derekk/Solutions/UnitTestSample/Unit Test sample/DGKAppDelegate.h...
Parsing file /Users/derekk/Solutions/UnitTestSample/Unit Test sample/DGKAppDelegate.h...
Preprocessing /Users/derekk/Solutions/UnitTestSample/Unit Test sample/DGKBAppDelegate.m...
Parsing file /Users/derekk/Solutions/UnitTestSample/Unit Test sample/DGKBAppDelegate.m...
Preprocessing /Users/derekk/Solutions/UnitTestSample/Unit Test sample/DGKBaseController.h...
Parsing file /Users/derekk/Solutions/UnitTestSample/Unit Test sample/DGKBaseController.h...
Preprocessing /Users/derekk/Solutions/UnitTestSample/Unit Test sample/DGKBaseController.m...
Parsing file /Users/derekk/Solutions/UnitTestSample/Unit Test sample/DGKBaseController.m...
Preprocessing /Users/derekk/Solutions/UnitTestSample/Unit Test sample/DGKCoreDataHelper.h...
Parsing file /Users/derekk/Solutions/UnitTestSample/Unit Test sample/DGKCoreDataHelper.h...
Preprocessing /Users/derekk/Solutions/UnitTestSample/Unit Test sample/DGKCoreDataHelper.m...
Parsing file /Users/derekk/Solutions/UnitTestSample/Unit Test sample/DGKCoreDataHelper.m...
Preprocessing /Users/derekk/Solutions/UnitTestSample/Unit Test sample/DGKFirstViewController.h...
Parsing file /Users/derekk/Solutions/UnitTestSample/Unit Test sample/DGKFirstViewController.h...
Preprocessing /Users/derekk/Solutions/UnitTestSample/Unit Test sample/DGKFirstViewController.m...
Parsing file /Users/derekk/Solutions/UnitTestSample/Unit Test sample/DGKFirstViewController.m...
Preprocessing /Users/derekk/Solutions/UnitTestSample/Unit Test sample/DGKPersonsController.h...
Parsing file /Users/derekk/Solutions/UnitTestSample/Unit Test sample/DGKPersonsController.h...
Preprocessing /Users/derekk/Solutions/UnitTestSample/Unit Test sample/DGKPersonsController.m...
Parsing file /Users/derekk/Solutions/UnitTestSample/Unit Test sample/DGKPersonsController.m...
Preprocessing /Users/derekk/Solutions/UnitTestSample/Unit Test sample/DGKSecondViewController.h...
Parsing file /Users/derekk/Solutions/UnitTestSample/Unit Test sample/DGKSecondViewController.h...
Preprocessing /Users/derekk/Solutions/UnitTestSample/Unit Test sample/DGKSecondViewController.m...
Parsing file /Users/derekk/Solutions/UnitTestSample/Unit Test sample/DGKSecondViewController.m...
Preprocessing /Users/derekk/Solutions/UnitTestSample/Unit Test sample/main.m...
Parsing file /Users/derekk/Solutions/UnitTestSample/Unit Test sample/main.m...
Preprocessing /Users/derekk/Solutions/UnitTestSample/Unit Test sample/Person.h...
Parsing file /Users/derekk/Solutions/UnitTestSample/Unit Test sample/Person.h...
Preprocessing /Users/derekk/Solutions/UnitTestSample/Unit Test sample/Person.m...
Parsing file /Users/derekk/Solutions/UnitTestSample/Unit Test sample/Person.m...
Preprocessing /Users/derekk/Solutions/UnitTestSample/Unit Test sampleTests/Unit_Test_sampleTests.m...
Parsing file /Users/derekk/Solutions/UnitTestSample/Unit Test sampleTests/Unit_Test_sampleTests.m...
Preprocessing /Users/derekk/Solutions/UnitTestSample/XcodeCoverage/lcov-1.10/example/example.c...
Parsing file /Users/derekk/Solutions/UnitTestSample/XcodeCoverage/lcov-1.10/example/example.c...
Preprocessing /Users/derekk/Solutions/UnitTestSample/XcodeCoverage/lcov-1.10/example/gauss.h...
Parsing file /Users/derekk/Solutions/UnitTestSample/XcodeCoverage/lcov-1.10/example/gauss.h...
Preprocessing /Users/derekk/Solutions/UnitTestSample/XcodeCoverage/lcov-1.10/example/iterate.h...
Parsing file /Users/derekk/Solutions/UnitTestSample/XcodeCoverage/lcov-1.10/example/iterate.h...
Preprocessing /Users/derekk/Solutions/UnitTestSample/XcodeCoverage/lcov-1.10/example/methods/gauss.c...
Parsing file /Users/derekk/Solutions/UnitTestSample/XcodeCoverage/lcov-1.10/example/methods/gauss.c...
Preprocessing /Users/derekk/Solutions/UnitTestSample/XcodeCoverage/lcov-1.10/example/methods/iterate.c...
Parsing file /Users/derekk/Solutions/UnitTestSample/XcodeCoverage/lcov-1.10/example/methods/iterate.c...
Building group list...
Building directory list...
Building namespace list...
Building file list...
Building class list...
Associating documentation with classes...
Computing nesting relations for classes...
Building example list...
Searching for enumerations...
Searching for documented typedefs...
Searching for members imported via using declarations...
Searching for included using directives...
Searching for documented variables...
Building member list...
Searching for friends...
Searching for documented defines...
Computing class inheritance relations...
Computing class usage relations...
Flushing cached template relations that have become invalid...
Creating members for template instances...
Computing class relations...
Add enum values to enums...
Searching for member function documentation...
Building page list...
Search for main page...
Computing page relations...
Determining the scope of groups...
Sorting lists...
Freeing entry tree
Determining which enums are documented
Computing member relations...
Building full member lists recursively...
Adding members to member groups.
Computing member references...
Inheriting documentation...
Generating disk names...
Adding source references...
Adding xrefitems...
Sorting member lists...
Computing dependencies between directories...
Generating citations page...
Counting data structures...
Resolving user defined references...
Finding anchors and sections in the documentation...
Combining using relations...
Adding members to index pages...
Generating style sheet...
Generating search indices...
Generating example documentation...
Generating file sources...
Generating code for file Unit Test sample/Address.h...
Generating code for file Unit Test sample/DGKAddressesController.h...
Generating code for file Unit Test sample/DGKAppDelegate.h...
Generating code for file Unit Test sample/DGKBaseController.h...
Generating code for file Unit Test sample/DGKCoreDataHelper.h...
Generating code for file Unit Test sample/DGKFirstViewController.h...
Generating code for file Unit Test sample/DGKPersonsController.h...
Generating code for file Unit Test sample/DGKSecondViewController.h...
Generating code for file Unit Test sample/Person.h...
Generating code for file XcodeCoverage/lcov-1.10/example/gauss.h...
Generating code for file XcodeCoverage/lcov-1.10/example/iterate.h...
Generating file documentation...
Generating page documentation...
Generating group documentation...
Generating class documentation...
Generating docs for compound Address...
Generating docs for compound DGKAddressesController...
Generating docs for compound DGKAppDelegate...
Generating docs for compound DGKBaseController...
Generating docs for compound DGKCoreDataHelper...
Generating docs for compound DGKFirstViewController...
Generating docs for compound DGKFirstViewController()...
Generating docs for compound DGKPersonsController...
Generating docs for compound DGKSecondViewController...
Generating docs for compound DGKSecondViewController()...
Generating docs for compound Person...
Generating docs for compound Unit_Test_sampleTests...
Generating namespace index...
Generating graph info page...
Generating directory documentation...
Generating index page...
Generating page index...
Generating module index...
Generating namespace index...
Generating namespace member index...
Generating annotated compound index...
Generating alphabetical compound index...
Generating hierarchical class index...
Generating member index...
Generating file index...
Generating file member index...
Generating example index...
finalizing index lists...
lookup cache used 56/65536 hits=132 misses=58
finished...
